Importing module 'gym_38' (/home/wangzimo/VTT/isaacgym/python/isaacgym/_bindings/linux-x86_64/gym_38.so)
Setting GYM_USD_PLUG_INFO_PATH to /home/wangzimo/VTT/isaacgym/python/isaacgym/_bindings/linux-x86_64/usd/plugInfo.json
AERIAL_GYM_ROOT_DIR /home/wangzimo/VTT/VTT
PyTorch version 2.3.0+cu118
Device count 2
/home/wangzimo/VTT/isaacgym/python/isaacgym/_bindings/src/gymtorch
Using /home/wangzimo/.cache/torch_extensions/py38_cu118 as PyTorch extensions root...
Emitting ninja build file /home/wangzimo/.cache/torch_extensions/py38_cu118/gymtorch/build.ninja...
Building extension module gymtorch...
Allowing ninja to set a default number of workers... (overridable by setting the environment variable MAX_JOBS=N)
ninja: no work to do.
Not connected to PVD
+++ Using GPU PhysX
Physics Engine: PhysX
Physics Device: cuda:0
GPU Pipeline: enabled
[Error] [carb.windowing-glfw.plugin] GLFW initialization failed.
[Error] [carb.windowing-glfw.plugin] GLFW window creation failed!
[Error] [carb.gym.plugin] Failed to create Window in CreateGymViewerInternal
Loading extension module gymtorch...
using device: cuda:0
dt: 0.009999999776482582





 CREATING ENVIRONMENT 






Total robot mass:  2.0000004000000047





 ENVIRONMENT CREATED 






TrackSpaceModel Initializing...
Epoch 0 begin...
self.counter: 0
out_sight: tensor([7], device='cuda:0')
On step 64, reset tensor([7], device='cuda:0')
out_sight: tensor([5], device='cuda:0')
On step 65, reset tensor([5], device='cuda:0')
Traceback (most recent call last):
  File "/home/wangzimo/VTT/VTT/aerial_gym/scripts/train_trackspaceVer2.py", line 207, in <module>
    loss.backward(not_reset_buf, retain_graph=True)
  File "/home/wangzimo/.conda/envs/rlgpu/lib/python3.8/site-packages/torch/_tensor.py", line 525, in backward
    torch.autograd.backward(
  File "/home/wangzimo/.conda/envs/rlgpu/lib/python3.8/site-packages/torch/autograd/__init__.py", line 267, in backward
    _engine_run_backward(
  File "/home/wangzimo/.conda/envs/rlgpu/lib/python3.8/site-packages/torch/autograd/graph.py", line 744, in _engine_run_backward
    return Variable._execution_engine.run_backward(  # Calls into the C++ engine to run the backward pass
KeyboardInterrupt
Importing module 'gym_38' (/home/wangzimo/VTT/isaacgym/python/isaacgym/_bindings/linux-x86_64/gym_38.so)
Setting GYM_USD_PLUG_INFO_PATH to /home/wangzimo/VTT/isaacgym/python/isaacgym/_bindings/linux-x86_64/usd/plugInfo.json
AERIAL_GYM_ROOT_DIR /home/wangzimo/VTT/VTT
PyTorch version 2.3.0+cu118
Device count 2
/home/wangzimo/VTT/isaacgym/python/isaacgym/_bindings/src/gymtorch
Using /home/wangzimo/.cache/torch_extensions/py38_cu118 as PyTorch extensions root...
Emitting ninja build file /home/wangzimo/.cache/torch_extensions/py38_cu118/gymtorch/build.ninja...
Building extension module gymtorch...
Allowing ninja to set a default number of workers... (overridable by setting the environment variable MAX_JOBS=N)
ninja: no work to do.
Not connected to PVD
+++ Using GPU PhysX
Physics Engine: PhysX
Physics Device: cuda:0
GPU Pipeline: enabled
[Error] [carb.windowing-glfw.plugin] GLFW initialization failed.
[Error] [carb.windowing-glfw.plugin] GLFW window creation failed!
[Error] [carb.gym.plugin] Failed to create Window in CreateGymViewerInternal
using device: cuda:0
dt: 0.009999999776482582





 CREATING ENVIRONMENT 






Total robot mass:  2.0000004000000047





 ENVIRONMENT CREATED 






TrackSpaceModel Initializing...
Epoch 0 begin...
self.counter: 0
out_sight: tensor([7], device='cuda:0')
On step 64, reset tensor([7], device='cuda:0')
out_sight: tensor([5], device='cuda:0')
On step 65, reset tensor([5], device='cuda:0')
out_sight: tensor([7], device='cuda:0')
On step 182, reset tensor([7], device='cuda:0')
out_sight: tensor([4], device='cuda:0')
On step 193, reset tensor([4], device='cuda:0')
out_sight: tensor([0], device='cuda:0')
On step 214, reset tensor([0], device='cuda:0')
out_sight: tensor([7], device='cuda:0')
On step 243, reset tensor([7], device='cuda:0')
Epoch 0, Ave loss = 3.5760767459869385, num reset = 6
Epoch 1 begin...
self.counter: 250
out_sight: tensor([4], device='cuda:0')
On step 51, reset tensor([4], device='cuda:0')
out_sight: tensor([1], device='cuda:0')
On step 75, reset tensor([1], device='cuda:0')
out_sight: tensor([4], device='cuda:0')
On step 135, reset tensor([4], device='cuda:0')
out_space: tensor([6], device='cuda:0')
On step 156, reset tensor([6], device='cuda:0')
out_sight: tensor([0], device='cuda:0')
On step 163, reset tensor([0], device='cuda:0')
out_sight: tensor([4], device='cuda:0')
On step 192, reset tensor([4], device='cuda:0')
out_sight: tensor([7], device='cuda:0')
On step 216, reset tensor([7], device='cuda:0')
out_space: tensor([1], device='cuda:0')
On step 249, reset tensor([1], device='cuda:0')
Epoch 1, Ave loss = 5.29434871673584, num reset = 8
Epoch 2 begin...
self.counter: 500
out_sight: tensor([0], device='cuda:0')
On step 158, reset tensor([0], device='cuda:0')
out_sight: tensor([6], device='cuda:0')
On step 162, reset tensor([6], device='cuda:0')
out_sight: tensor([2], device='cuda:0')
On step 195, reset tensor([2], device='cuda:0')
out_sight: tensor([4], device='cuda:0')
On step 200, reset tensor([4], device='cuda:0')
out_sight: tensor([5], device='cuda:0')
On step 204, reset tensor([5], device='cuda:0')
out_sight: tensor([0], device='cuda:0')
On step 213, reset tensor([0], device='cuda:0')
out_sight: tensor([6], device='cuda:0')
On step 227, reset tensor([6], device='cuda:0')
out_sight: tensor([7], device='cuda:0')
On step 234, reset tensor([7], device='cuda:0')
Epoch 2, Ave loss = 3.534658908843994, num reset = 8
Epoch 3 begin...
self.counter: 750
out_sight: tensor([3], device='cuda:0')
On step 193, reset tensor([3], device='cuda:0')
out_sight: tensor([4], device='cuda:0')
On step 198, reset tensor([4], device='cuda:0')
out_sight: tensor([6], device='cuda:0')
On step 201, reset tensor([6], device='cuda:0')
out_sight: tensor([5], device='cuda:0')
On step 207, reset tensor([5], device='cuda:0')
out_sight: tensor([2], device='cuda:0')
On step 240, reset tensor([2], device='cuda:0')
out_sight: tensor([1], device='cuda:0')
On step 243, reset tensor([1], device='cuda:0')
Epoch 3, Ave loss = 4.250244140625, num reset = 6
Epoch 4 begin...
self.counter: 1000
out_sight: tensor([7], device='cuda:0')
On step 72, reset tensor([7], device='cuda:0')
out_sight: tensor([7], device='cuda:0')
On step 196, reset tensor([7], device='cuda:0')
out_space: tensor([3], device='cuda:0')
On step 241, reset tensor([3], device='cuda:0')
Epoch 4, Ave loss = 3.6737422943115234, num reset = 3
Epoch 5 begin...
self.counter: 1250
out_sight: tensor([1, 5], device='cuda:0')
On step 163, reset tensor([1, 5], device='cuda:0')
out_sight: tensor([0], device='cuda:0')
On step 169, reset tensor([0], device='cuda:0')
out_sight: tensor([6], device='cuda:0')
On step 239, reset tensor([6], device='cuda:0')
out_sight: tensor([3], device='cuda:0')
On step 245, reset tensor([3], device='cuda:0')
out_sight: tensor([4, 5], device='cuda:0')
On step 248, reset tensor([4, 5], device='cuda:0')
Epoch 5, Ave loss = 3.6880455017089844, num reset = 7
Epoch 6 begin...
self.counter: 1500
out_sight: tensor([3], device='cuda:0')
On step 184, reset tensor([3], device='cuda:0')
out_sight: tensor([0], device='cuda:0')
On step 215, reset tensor([0], device='cuda:0')
out_sight: tensor([5], device='cuda:0')
On step 218, reset tensor([5], device='cuda:0')
out_sight: tensor([6], device='cuda:0')
On step 229, reset tensor([6], device='cuda:0')
out_sight: tensor([1], device='cuda:0')
On step 243, reset tensor([1], device='cuda:0')
Epoch 6, Ave loss = 3.8615198135375977, num reset = 5
Epoch 7 begin...
self.counter: 1750
out_sight: tensor([5], device='cuda:0')
On step 110, reset tensor([5], device='cuda:0')
out_sight: tensor([3], device='cuda:0')
On step 180, reset tensor([3], device='cuda:0')
out_sight: tensor([1, 2], device='cuda:0')
On step 188, reset tensor([1, 2], device='cuda:0')
out_sight: tensor([4], device='cuda:0')
On step 194, reset tensor([4], device='cuda:0')
out_sight: tensor([6], device='cuda:0')
On step 223, reset tensor([6], device='cuda:0')
Epoch 7, Ave loss = 4.295374870300293, num reset = 6
Epoch 8 begin...
self.counter: 2000
out_sight: tensor([4], device='cuda:0')
On step 91, reset tensor([4], device='cuda:0')
out_sight: tensor([3], device='cuda:0')
On step 92, reset tensor([3], device='cuda:0')
out_sight: tensor([5], device='cuda:0')
On step 94, reset tensor([5], device='cuda:0')
out_sight: tensor([7], device='cuda:0')
On step 100, reset tensor([7], device='cuda:0')
out_sight: tensor([2], device='cuda:0')
On step 194, reset tensor([2], device='cuda:0')
out_sight: tensor([5], device='cuda:0')
On step 198, reset tensor([5], device='cuda:0')
Epoch 8, Ave loss = 3.920806884765625, num reset = 6
Epoch 9 begin...
self.counter: 2250
out_sight: tensor([3], device='cuda:0')
On step 85, reset tensor([3], device='cuda:0')
out_sight: tensor([7], device='cuda:0')
On step 144, reset tensor([7], device='cuda:0')
out_sight: tensor([3], device='cuda:0')
On step 181, reset tensor([3], device='cuda:0')
out_sight: tensor([5], device='cuda:0')
On step 205, reset tensor([5], device='cuda:0')
out_sight: tensor([3], device='cuda:0')
On step 240, reset tensor([3], device='cuda:0')
Epoch 9, Ave loss = 4.796797752380371, num reset = 5
Epoch 10 begin...
self.counter: 2500
out_sight: tensor([4], device='cuda:0')
On step 92, reset tensor([4], device='cuda:0')
out_sight: tensor([1], device='cuda:0')
On step 110, reset tensor([1], device='cuda:0')
out_sight: tensor([0], device='cuda:0')
On step 130, reset tensor([0], device='cuda:0')
out_sight: tensor([4], device='cuda:0')
On step 161, reset tensor([4], device='cuda:0')
out_sight: tensor([6], device='cuda:0')
On step 205, reset tensor([6], device='cuda:0')
out_sight: tensor([7], device='cuda:0')
On step 222, reset tensor([7], device='cuda:0')
out_sight: tensor([0], device='cuda:0')
On step 236, reset tensor([0], device='cuda:0')
Epoch 10, Ave loss = 5.6684041023254395, num reset = 7
Epoch 11 begin...
self.counter: 2750
out_sight: tensor([6], device='cuda:0')
On step 153, reset tensor([6], device='cuda:0')
out_sight: tensor([6], device='cuda:0')
On step 218, reset tensor([6], device='cuda:0')
out_sight: tensor([1], device='cuda:0')
On step 225, reset tensor([1], device='cuda:0')
out_sight: tensor([2], device='cuda:0')
On step 233, reset tensor([2], device='cuda:0')
out_sight: tensor([4], device='cuda:0')
On step 241, reset tensor([4], device='cuda:0')
out_sight: tensor([7], device='cuda:0')
On step 244, reset tensor([7], device='cuda:0')
Epoch 11, Ave loss = 4.814791679382324, num reset = 6
Epoch 12 begin...
self.counter: 3000
out_sight: tensor([6], device='cuda:0')
On step 111, reset tensor([6], device='cuda:0')
out_sight: tensor([3], device='cuda:0')
On step 130, reset tensor([3], device='cuda:0')
out_sight: tensor([6], device='cuda:0')
On step 164, reset tensor([6], device='cuda:0')
out_sight: tensor([1], device='cuda:0')
On step 174, reset tensor([1], device='cuda:0')
out_sight: tensor([5], device='cuda:0')
On step 181, reset tensor([5], device='cuda:0')
out_sight: tensor([3], device='cuda:0')
On step 219, reset tensor([3], device='cuda:0')
out_space: tensor([2], device='cuda:0')
On step 228, reset tensor([2], device='cuda:0')
out_sight: tensor([0], device='cuda:0')
On step 236, reset tensor([0], device='cuda:0')
out_sight: 